mode: set
gitlab.com/jetfueltw/cpw/alakazam/app/admin/api/red_envelope.go:35.60,37.45 2 1
gitlab.com/jetfueltw/cpw/alakazam/app/admin/api/red_envelope.go:40.2,51.16 2 0
gitlab.com/jetfueltw/cpw/alakazam/app/admin/api/red_envelope.go:54.2,64.26 3 0
gitlab.com/jetfueltw/cpw/alakazam/app/admin/api/red_envelope.go:73.2,74.12 2 0
gitlab.com/jetfueltw/cpw/alakazam/app/admin/api/red_envelope.go:37.45,39.3 1 1
gitlab.com/jetfueltw/cpw/alakazam/app/admin/api/red_envelope.go:51.16,53.3 1 0
gitlab.com/jetfueltw/cpw/alakazam/app/admin/api/red_envelope.go:64.26,65.79 1 0
gitlab.com/jetfueltw/cpw/alakazam/app/admin/api/red_envelope.go:65.79,67.4 1 0
gitlab.com/jetfueltw/cpw/alakazam/app/admin/api/red_envelope.go:68.8,68.48 1 0
gitlab.com/jetfueltw/cpw/alakazam/app/admin/api/red_envelope.go:68.48,70.3 1 0
gitlab.com/jetfueltw/cpw/alakazam/app/admin/api/red_envelope.go:70.8,70.113 1 0
gitlab.com/jetfueltw/cpw/alakazam/app/admin/api/red_envelope.go:70.113,72.3 1 0
gitlab.com/jetfueltw/cpw/alakazam/app/admin/api/room.go:10.55,12.50 2 0
gitlab.com/jetfueltw/cpw/alakazam/app/admin/api/room.go:15.2,16.16 2 0
gitlab.com/jetfueltw/cpw/alakazam/app/admin/api/room.go:19.2,22.12 2 0
gitlab.com/jetfueltw/cpw/alakazam/app/admin/api/room.go:12.50,14.3 1 0
gitlab.com/jetfueltw/cpw/alakazam/app/admin/api/room.go:16.16,18.3 1 0
gitlab.com/jetfueltw/cpw/alakazam/app/admin/api/room.go:25.55,28.50 3 0
gitlab.com/jetfueltw/cpw/alakazam/app/admin/api/room.go:31.2,31.46 1 0
gitlab.com/jetfueltw/cpw/alakazam/app/admin/api/room.go:34.2,35.12 2 0
gitlab.com/jetfueltw/cpw/alakazam/app/admin/api/room.go:28.50,30.3 1 0
gitlab.com/jetfueltw/cpw/alakazam/app/admin/api/room.go:31.46,33.3 1 0
gitlab.com/jetfueltw/cpw/alakazam/app/admin/api/room.go:42.52,46.66 2 0
gitlab.com/jetfueltw/cpw/alakazam/app/admin/api/room.go:49.2,50.16 2 0
gitlab.com/jetfueltw/cpw/alakazam/app/admin/api/room.go:54.2,66.12 2 0
gitlab.com/jetfueltw/cpw/alakazam/app/admin/api/room.go:46.66,48.3 1 0
gitlab.com/jetfueltw/cpw/alakazam/app/admin/api/room.go:50.16,52.3 1 0
gitlab.com/jetfueltw/cpw/alakazam/app/admin/api/room.go:69.55,73.67 2 0
gitlab.com/jetfueltw/cpw/alakazam/app/admin/api/room.go:76.2,77.16 2 0
gitlab.com/jetfueltw/cpw/alakazam/app/admin/api/room.go:80.2,81.12 2 0
gitlab.com/jetfueltw/cpw/alakazam/app/admin/api/room.go:73.67,75.3 1 0
gitlab.com/jetfueltw/cpw/alakazam/app/admin/api/room.go:77.16,79.3 1 0
gitlab.com/jetfueltw/cpw/alakazam/app/admin/api/server.go:23.137,24.16 1 0
gitlab.com/jetfueltw/cpw/alakazam/app/admin/api/server.go:29.2,44.36 7 0
gitlab.com/jetfueltw/cpw/alakazam/app/admin/api/server.go:24.16,26.3 1 0
gitlab.com/jetfueltw/cpw/alakazam/app/admin/api/server.go:26.8,28.3 1 0
gitlab.com/jetfueltw/cpw/alakazam/app/admin/api/server.go:47.44,66.2 11 1
gitlab.com/jetfueltw/cpw/alakazam/app/admin/api/server.go:68.36,69.42 1 0
gitlab.com/jetfueltw/cpw/alakazam/app/admin/api/server.go:72.2,72.47 1 0
gitlab.com/jetfueltw/cpw/alakazam/app/admin/api/server.go:75.2,75.12 1 0
gitlab.com/jetfueltw/cpw/alakazam/app/admin/api/server.go:69.42,71.3 1 0
gitlab.com/jetfueltw/cpw/alakazam/app/admin/api/server.go:72.47,74.3 1 0
gitlab.com/jetfueltw/cpw/alakazam/app/admin/api/banned.go:10.54,17.50 2 0
gitlab.com/jetfueltw/cpw/alakazam/app/admin/api/banned.go:20.2,20.71 1 0
gitlab.com/jetfueltw/cpw/alakazam/app/admin/api/banned.go:23.2,24.12 2 0
gitlab.com/jetfueltw/cpw/alakazam/app/admin/api/banned.go:17.50,19.3 1 0
gitlab.com/jetfueltw/cpw/alakazam/app/admin/api/banned.go:20.71,22.3 1 0
gitlab.com/jetfueltw/cpw/alakazam/app/admin/api/banned.go:28.57,34.66 2 0
gitlab.com/jetfueltw/cpw/alakazam/app/admin/api/banned.go:37.2,37.58 1 0
gitlab.com/jetfueltw/cpw/alakazam/app/admin/api/banned.go:40.2,41.12 2 0
gitlab.com/jetfueltw/cpw/alakazam/app/admin/api/banned.go:34.66,36.3 1 0
gitlab.com/jetfueltw/cpw/alakazam/app/admin/api/banned.go:37.58,39.3 1 0
gitlab.com/jetfueltw/cpw/alakazam/app/admin/api/blockade.go:9.56,11.16 2 0
gitlab.com/jetfueltw/cpw/alakazam/app/admin/api/blockade.go:14.2,14.9 1 0
gitlab.com/jetfueltw/cpw/alakazam/app/admin/api/blockade.go:17.2,18.12 2 0
gitlab.com/jetfueltw/cpw/alakazam/app/admin/api/blockade.go:11.16,13.3 1 0
gitlab.com/jetfueltw/cpw/alakazam/app/admin/api/blockade.go:14.9,16.3 1 0
gitlab.com/jetfueltw/cpw/alakazam/app/admin/api/blockade.go:21.59,23.16 2 0
gitlab.com/jetfueltw/cpw/alakazam/app/admin/api/blockade.go:26.2,26.9 1 0
gitlab.com/jetfueltw/cpw/alakazam/app/admin/api/blockade.go:29.2,30.12 2 0
gitlab.com/jetfueltw/cpw/alakazam/app/admin/api/blockade.go:23.16,25.3 1 0
gitlab.com/jetfueltw/cpw/alakazam/app/admin/api/blockade.go:26.9,28.3 1 0
gitlab.com/jetfueltw/cpw/alakazam/app/admin/api/push.go:20.49,22.44 2 0
gitlab.com/jetfueltw/cpw/alakazam/app/admin/api/push.go:25.2,26.16 2 0
gitlab.com/jetfueltw/cpw/alakazam/app/admin/api/push.go:29.2,32.12 2 0
gitlab.com/jetfueltw/cpw/alakazam/app/admin/api/push.go:22.44,24.3 1 0
gitlab.com/jetfueltw/cpw/alakazam/app/admin/api/push.go:26.16,28.3 1 0
gitlab.com/jetfueltw/cpw/alakazam/app/admin/api/push.go:36.61,39.2 2 0
